The system is: Linux - 5.18.9 - x86_64
Compiling the C compiler identification source file "CMakeCCompilerId.c" succeeded.
Compiler: /usr/bin/clang 
Build flags: 
Id flags:  

The output was:
0


Compilation of the C compiler identification source "CMakeCCompilerId.c" produced "a.out"

The C compiler identification is Clang, found in "/home/jocelyn/Bureau/flusm-devBugs-SwpMods/flusm-devBugs/Dependencies/syscall_intercept/build/CMakeFiles/3.22.1/CompilerIdC/a.out"

Checking whether the ASM compiler is Clang using "--version" matched "(clang version)":
Ubuntu clang version 14.0.0-1ubuntu1.1
Target: x86_64-pc-linux-gnu
Thread model: posix
InstalledDir: /usr/bin
Detecting C compiler ABI info compiled with the following output:
Change Dir: /home/jocelyn/Bureau/flusm-devBugs-SwpMods/flusm-devBugs/Dependencies/syscall_intercept/build/CMakeFiles/CMakeTmp

Run Build Command(s):/usr/bin/gmake -f Makefile cmTC_3d143/fast && /usr/bin/gmake  -f CMakeFiles/cmTC_3d143.dir/build.make CMakeFiles/cmTC_3d143.dir/build
gmake[1]: Entering directory '/home/jocelyn/Bureau/flusm-devBugs-SwpMods/flusm-devBugs/Dependencies/syscall_intercept/build/CMakeFiles/CMakeTmp'
Building C object CMakeFiles/cmTC_3d143.dir/CMakeCCompilerABI.c.o
/usr/bin/clang   -v -MD -MT CMakeFiles/cmTC_3d143.dir/CMakeCCompilerABI.c.o -MF CMakeFiles/cmTC_3d143.dir/CMakeCCompilerABI.c.o.d -o CMakeFiles/cmTC_3d143.dir/CMakeCCompilerABI.c.o -c /usr/share/cmake-3.22/Modules/CMakeCCompilerABI.c
Ubuntu clang version 14.0.0-1ubuntu1.1
Target: x86_64-pc-linux-gnu
Thread model: posix
InstalledDir: /usr/bin
Found candidate GCC installation: /usr/bin/../lib/gcc/x86_64-linux-gnu/11
Selected GCC installation: /usr/bin/../lib/gcc/x86_64-linux-gnu/11
Candidate multilib: .;@m64
Selected multilib: .;@m64
 (in-process)
 "/usr/lib/llvm-14/bin/clang" -cc1 -triple x86_64-pc-linux-gnu -emit-obj -mrelax-all --mrelax-relocations -disable-free -clear-ast-before-backend -disable-llvm-verifier -discard-value-names -main-file-name CMakeCCompilerABI.c -mrelocation-model pic -pic-level 2 -pic-is-pie -mframe-pointer=all -fmath-errno -ffp-contract=on -fno-rounding-math -mconstructor-aliases -funwind-tables=2 -target-cpu x86-64 -tune-cpu generic -mllvm -treat-scalable-fixed-error-as-warning -debugger-tuning=gdb -v -fcoverage-compilation-dir=/home/jocelyn/Bureau/flusm-devBugs-SwpMods/flusm-devBugs/Dependencies/syscall_intercept/build/CMakeFiles/CMakeTmp -resource-dir /usr/lib/llvm-14/lib/clang/14.0.0 -dependency-file CMakeFiles/cmTC_3d143.dir/CMakeCCompilerABI.c.o.d -MT CMakeFiles/cmTC_3d143.dir/CMakeCCompilerABI.c.o -sys-header-deps -internal-isystem /usr/lib/llvm-14/lib/clang/14.0.0/include -internal-isystem /usr/local/include -internal-isystem /usr/bin/../lib/gcc/x86_64-linux-gnu/11/../../../../x86_64-linux-gnu/include -internal-externc-isystem /usr/include/x86_64-linux-gnu -internal-externc-isystem /include -internal-externc-isystem /usr/include -fdebug-compilation-dir=/home/jocelyn/Bureau/flusm-devBugs-SwpMods/flusm-devBugs/Dependencies/syscall_intercept/build/CMakeFiles/CMakeTmp -ferror-limit 19 -fgnuc-version=4.2.1 -faddrsig -D__GCC_HAVE_DWARF2_CFI_ASM=1 -o CMakeFiles/cmTC_3d143.dir/CMakeCCompilerABI.c.o -x c /usr/share/cmake-3.22/Modules/CMakeCCompilerABI.c
clang -cc1 version 14.0.0 based upon LLVM 14.0.0 default target x86_64-pc-linux-gnu
ignoring nonexistent directory "/usr/bin/../lib/gcc/x86_64-linux-gnu/11/../../../../x86_64-linux-gnu/include"
ignoring nonexistent directory "/include"
#include "..." search starts here:
#include <...> search starts here:
 /usr/lib/llvm-14/lib/clang/14.0.0/include
 /usr/local/include
 /usr/include/x86_64-linux-gnu
 /usr/include
End of search list.
Linking C executable cmTC_3d143
/usr/bin/cmake -E cmake_link_script CMakeFiles/cmTC_3d143.dir/link.txt --verbose=1
/usr/bin/clang  -v -rdynamic CMakeFiles/cmTC_3d143.dir/CMakeCCompilerABI.c.o -o cmTC_3d143 
Ubuntu clang version 14.0.0-1ubuntu1.1
Target: x86_64-pc-linux-gnu
Thread model: posix
InstalledDir: /usr/bin
Found candidate GCC installation: /usr/bin/../lib/gcc/x86_64-linux-gnu/11
Selected GCC installation: /usr/bin/../lib/gcc/x86_64-linux-gnu/11
Candidate multilib: .;@m64
Selected multilib: .;@m64
 "/usr/bin/ld" -pie -export-dynamic -z relro --hash-style=gnu --build-id --eh-frame-hdr -m elf_x86_64 -export-dynamic -dynamic-linker /lib64/ld-linux-x86-64.so.2 -o cmTC_3d143 /lib/x86_64-linux-gnu/Scrt1.o /lib/x86_64-linux-gnu/crti.o /usr/bin/../lib/gcc/x86_64-linux-gnu/11/crtbeginS.o -L/usr/bin/../lib/gcc/x86_64-linux-gnu/11 -L/usr/bin/../lib/gcc/x86_64-linux-gnu/11/../../../../lib64 -L/lib/x86_64-linux-gnu -L/lib/../lib64 -L/usr/lib/x86_64-linux-gnu -L/usr/lib/../lib64 -L/usr/lib/llvm-14/bin/../lib -L/lib -L/usr/lib CMakeFiles/cmTC_3d143.dir/CMakeCCompilerABI.c.o -lgcc --as-needed -lgcc_s --no-as-needed -lc -lgcc --as-needed -lgcc_s --no-as-needed /usr/bin/../lib/gcc/x86_64-linux-gnu/11/crtendS.o /lib/x86_64-linux-gnu/crtn.o
gmake[1]: Leaving directory '/home/jocelyn/Bureau/flusm-devBugs-SwpMods/flusm-devBugs/Dependencies/syscall_intercept/build/CMakeFiles/CMakeTmp'



Parsed C implicit include dir info from above output: rv=done
  found start of include info
  found start of implicit include info
    add: [/usr/lib/llvm-14/lib/clang/14.0.0/include]
    add: [/usr/local/include]
    add: [/usr/include/x86_64-linux-gnu]
    add: [/usr/include]
  end of search list found
  collapse include dir [/usr/lib/llvm-14/lib/clang/14.0.0/include] ==> [/usr/lib/llvm-14/lib/clang/14.0.0/include]
  collapse include dir [/usr/local/include] ==> [/usr/local/include]
  collapse include dir [/usr/include/x86_64-linux-gnu] ==> [/usr/include/x86_64-linux-gnu]
  collapse include dir [/usr/include] ==> [/usr/include]
  implicit include dirs: [/usr/lib/llvm-14/lib/clang/14.0.0/include;/usr/local/include;/usr/include/x86_64-linux-gnu;/usr/include]


Parsed C implicit link information from above output:
  link line regex: [^( *|.*[/\])(ld|CMAKE_LINK_STARTFILE-NOTFOUND|([^/\]+-)?ld|collect2)[^/\]*( |$)]
  ignore line: [Change Dir: /home/jocelyn/Bureau/flusm-devBugs-SwpMods/flusm-devBugs/Dependencies/syscall_intercept/build/CMakeFiles/CMakeTmp]
  ignore line: []
  ignore line: [Run Build Command(s):/usr/bin/gmake -f Makefile cmTC_3d143/fast && /usr/bin/gmake  -f CMakeFiles/cmTC_3d143.dir/build.make CMakeFiles/cmTC_3d143.dir/build]
  ignore line: [gmake[1]: Entering directory '/home/jocelyn/Bureau/flusm-devBugs-SwpMods/flusm-devBugs/Dependencies/syscall_intercept/build/CMakeFiles/CMakeTmp']
  ignore line: [Building C object CMakeFiles/cmTC_3d143.dir/CMakeCCompilerABI.c.o]
  ignore line: [/usr/bin/clang   -v -MD -MT CMakeFiles/cmTC_3d143.dir/CMakeCCompilerABI.c.o -MF CMakeFiles/cmTC_3d143.dir/CMakeCCompilerABI.c.o.d -o CMakeFiles/cmTC_3d143.dir/CMakeCCompilerABI.c.o -c /usr/share/cmake-3.22/Modules/CMakeCCompilerABI.c]
  ignore line: [Ubuntu clang version 14.0.0-1ubuntu1.1]
  ignore line: [Target: x86_64-pc-linux-gnu]
  ignore line: [Thread model: posix]
  ignore line: [InstalledDir: /usr/bin]
  ignore line: [Found candidate GCC installation: /usr/bin/../lib/gcc/x86_64-linux-gnu/11]
  ignore line: [Selected GCC installation: /usr/bin/../lib/gcc/x86_64-linux-gnu/11]
  ignore line: [Candidate multilib: .]
  ignore line: [@m64]
  ignore line: [Selected multilib: .]
  ignore line: [@m64]
  ignore line: [ (in-process)]
  ignore line: [ "/usr/lib/llvm-14/bin/clang" -cc1 -triple x86_64-pc-linux-gnu -emit-obj -mrelax-all --mrelax-relocations -disable-free -clear-ast-before-backend -disable-llvm-verifier -discard-value-names -main-file-name CMakeCCompilerABI.c -mrelocation-model pic -pic-level 2 -pic-is-pie -mframe-pointer=all -fmath-errno -ffp-contract=on -fno-rounding-math -mconstructor-aliases -funwind-tables=2 -target-cpu x86-64 -tune-cpu generic -mllvm -treat-scalable-fixed-error-as-warning -debugger-tuning=gdb -v -fcoverage-compilation-dir=/home/jocelyn/Bureau/flusm-devBugs-SwpMods/flusm-devBugs/Dependencies/syscall_intercept/build/CMakeFiles/CMakeTmp -resource-dir /usr/lib/llvm-14/lib/clang/14.0.0 -dependency-file CMakeFiles/cmTC_3d143.dir/CMakeCCompilerABI.c.o.d -MT CMakeFiles/cmTC_3d143.dir/CMakeCCompilerABI.c.o -sys-header-deps -internal-isystem /usr/lib/llvm-14/lib/clang/14.0.0/include -internal-isystem /usr/local/include -internal-isystem /usr/bin/../lib/gcc/x86_64-linux-gnu/11/../../../../x86_64-linux-gnu/include -internal-externc-isystem /usr/include/x86_64-linux-gnu -internal-externc-isystem /include -internal-externc-isystem /usr/include -fdebug-compilation-dir=/home/jocelyn/Bureau/flusm-devBugs-SwpMods/flusm-devBugs/Dependencies/syscall_intercept/build/CMakeFiles/CMakeTmp -ferror-limit 19 -fgnuc-version=4.2.1 -faddrsig -D__GCC_HAVE_DWARF2_CFI_ASM=1 -o CMakeFiles/cmTC_3d143.dir/CMakeCCompilerABI.c.o -x c /usr/share/cmake-3.22/Modules/CMakeCCompilerABI.c]
  ignore line: [clang -cc1 version 14.0.0 based upon LLVM 14.0.0 default target x86_64-pc-linux-gnu]
  ignore line: [ignoring nonexistent directory "/usr/bin/../lib/gcc/x86_64-linux-gnu/11/../../../../x86_64-linux-gnu/include"]
  ignore line: [ignoring nonexistent directory "/include"]
  ignore line: [#include "..." search starts here:]
  ignore line: [#include <...> search starts here:]
  ignore line: [ /usr/lib/llvm-14/lib/clang/14.0.0/include]
  ignore line: [ /usr/local/include]
  ignore line: [ /usr/include/x86_64-linux-gnu]
  ignore line: [ /usr/include]
  ignore line: [End of search list.]
  ignore line: [Linking C executable cmTC_3d143]
  ignore line: [/usr/bin/cmake -E cmake_link_script CMakeFiles/cmTC_3d143.dir/link.txt --verbose=1]
  ignore line: [/usr/bin/clang  -v -rdynamic CMakeFiles/cmTC_3d143.dir/CMakeCCompilerABI.c.o -o cmTC_3d143 ]
  ignore line: [Ubuntu clang version 14.0.0-1ubuntu1.1]
  ignore line: [Target: x86_64-pc-linux-gnu]
  ignore line: [Thread model: posix]
  ignore line: [InstalledDir: /usr/bin]
  ignore line: [Found candidate GCC installation: /usr/bin/../lib/gcc/x86_64-linux-gnu/11]
  ignore line: [Selected GCC installation: /usr/bin/../lib/gcc/x86_64-linux-gnu/11]
  ignore line: [Candidate multilib: .]
  ignore line: [@m64]
  ignore line: [Selected multilib: .]
  ignore line: [@m64]
  link line: [ "/usr/bin/ld" -pie -export-dynamic -z relro --hash-style=gnu --build-id --eh-frame-hdr -m elf_x86_64 -export-dynamic -dynamic-linker /lib64/ld-linux-x86-64.so.2 -o cmTC_3d143 /lib/x86_64-linux-gnu/Scrt1.o /lib/x86_64-linux-gnu/crti.o /usr/bin/../lib/gcc/x86_64-linux-gnu/11/crtbeginS.o -L/usr/bin/../lib/gcc/x86_64-linux-gnu/11 -L/usr/bin/../lib/gcc/x86_64-linux-gnu/11/../../../../lib64 -L/lib/x86_64-linux-gnu -L/lib/../lib64 -L/usr/lib/x86_64-linux-gnu -L/usr/lib/../lib64 -L/usr/lib/llvm-14/bin/../lib -L/lib -L/usr/lib CMakeFiles/cmTC_3d143.dir/CMakeCCompilerABI.c.o -lgcc --as-needed -lgcc_s --no-as-needed -lc -lgcc --as-needed -lgcc_s --no-as-needed /usr/bin/../lib/gcc/x86_64-linux-gnu/11/crtendS.o /lib/x86_64-linux-gnu/crtn.o]
    arg [/usr/bin/ld] ==> ignore
    arg [-pie] ==> ignore
    arg [-export-dynamic] ==> ignore
    arg [-zrelro] ==> ignore
    arg [--hash-style=gnu] ==> ignore
    arg [--build-id] ==> ignore
    arg [--eh-frame-hdr] ==> ignore
    arg [-m] ==> ignore
    arg [elf_x86_64] ==> ignore
    arg [-export-dynamic] ==> ignore
    arg [-dynamic-linker] ==> ignore
    arg [/lib64/ld-linux-x86-64.so.2] ==> ignore
    arg [-o] ==> ignore
    arg [cmTC_3d143] ==> ignore
    arg [/lib/x86_64-linux-gnu/Scrt1.o] ==> obj [/lib/x86_64-linux-gnu/Scrt1.o]
    arg [/lib/x86_64-linux-gnu/crti.o] ==> obj [/lib/x86_64-linux-gnu/crti.o]
    arg [/usr/bin/../lib/gcc/x86_64-linux-gnu/11/crtbeginS.o] ==> obj [/usr/bin/../lib/gcc/x86_64-linux-gnu/11/crtbeginS.o]
    arg [-L/usr/bin/../lib/gcc/x86_64-linux-gnu/11] ==> dir [/usr/bin/../lib/gcc/x86_64-linux-gnu/11]
    arg [-L/usr/bin/../lib/gcc/x86_64-linux-gnu/11/../../../../lib64] ==> dir [/usr/bin/../lib/gcc/x86_64-linux-gnu/11/../../../../lib64]
    arg [-L/lib/x86_64-linux-gnu] ==> dir [/lib/x86_64-linux-gnu]
    arg [-L/lib/../lib64] ==> dir [/lib/../lib64]
    arg [-L/usr/lib/x86_64-linux-gnu] ==> dir [/usr/lib/x86_64-linux-gnu]
    arg [-L/usr/lib/../lib64] ==> dir [/usr/lib/../lib64]
    arg [-L/usr/lib/llvm-14/bin/../lib] ==> dir [/usr/lib/llvm-14/bin/../lib]
    arg [-L/lib] ==> dir [/lib]
    arg [-L/usr/lib] ==> dir [/usr/lib]
    arg [CMakeFiles/cmTC_3d143.dir/CMakeCCompilerABI.c.o] ==> ignore
    arg [-lgcc] ==> lib [gcc]
    arg [--as-needed] ==> ignore
    arg [-lgcc_s] ==> lib [gcc_s]
    arg [--no-as-needed] ==> ignore
    arg [-lc] ==> lib [c]
    arg [-lgcc] ==> lib [gcc]
    arg [--as-needed] ==> ignore
    arg [-lgcc_s] ==> lib [gcc_s]
    arg [--no-as-needed] ==> ignore
    arg [/usr/bin/../lib/gcc/x86_64-linux-gnu/11/crtendS.o] ==> obj [/usr/bin/../lib/gcc/x86_64-linux-gnu/11/crtendS.o]
    arg [/lib/x86_64-linux-gnu/crtn.o] ==> obj [/lib/x86_64-linux-gnu/crtn.o]
  collapse obj [/usr/bin/../lib/gcc/x86_64-linux-gnu/11/crtbeginS.o] ==> [/usr/lib/gcc/x86_64-linux-gnu/11/crtbeginS.o]
  collapse obj [/usr/bin/../lib/gcc/x86_64-linux-gnu/11/crtendS.o] ==> [/usr/lib/gcc/x86_64-linux-gnu/11/crtendS.o]
  collapse library dir [/usr/bin/../lib/gcc/x86_64-linux-gnu/11] ==> [/usr/lib/gcc/x86_64-linux-gnu/11]
  collapse library dir [/usr/bin/../lib/gcc/x86_64-linux-gnu/11/../../../../lib64] ==> [/usr/lib64]
  collapse library dir [/lib/x86_64-linux-gnu] ==> [/lib/x86_64-linux-gnu]
  collapse library dir [/lib/../lib64] ==> [/lib64]
  collapse library dir [/usr/lib/x86_64-linux-gnu] ==> [/usr/lib/x86_64-linux-gnu]
  collapse library dir [/usr/lib/../lib64] ==> [/usr/lib64]
  collapse library dir [/usr/lib/llvm-14/bin/../lib] ==> [/usr/lib/llvm-14/lib]
  collapse library dir [/lib] ==> [/lib]
  collapse library dir [/usr/lib] ==> [/usr/lib]
  implicit libs: [gcc;gcc_s;c;gcc;gcc_s]
  implicit objs: [/lib/x86_64-linux-gnu/Scrt1.o;/lib/x86_64-linux-gnu/crti.o;/usr/lib/gcc/x86_64-linux-gnu/11/crtbeginS.o;/usr/lib/gcc/x86_64-linux-gnu/11/crtendS.o;/lib/x86_64-linux-gnu/crtn.o]
  implicit dirs: [/usr/lib/gcc/x86_64-linux-gnu/11;/usr/lib64;/lib/x86_64-linux-gnu;/lib64;/usr/lib/x86_64-linux-gnu;/usr/lib/llvm-14/lib;/lib;/usr/lib]
  implicit fwks: []


Performing C SOURCE FILE Test HAS_WERROR succeeded with the following output:
Change Dir: /home/jocelyn/Bureau/flusm-devBugs-SwpMods/flusm-devBugs/Dependencies/syscall_intercept/build/CMakeFiles/CMakeTmp

Run Build Command(s):/usr/bin/gmake -f Makefile cmTC_90852/fast && /usr/bin/gmake  -f CMakeFiles/cmTC_90852.dir/build.make CMakeFiles/cmTC_90852.dir/build
gmake[1]: Entering directory '/home/jocelyn/Bureau/flusm-devBugs-SwpMods/flusm-devBugs/Dependencies/syscall_intercept/build/CMakeFiles/CMakeTmp'
Building C object CMakeFiles/cmTC_90852.dir/src.c.o
/usr/bin/clang -DHAS_WERROR  -Werror -MD -MT CMakeFiles/cmTC_90852.dir/src.c.o -MF CMakeFiles/cmTC_90852.dir/src.c.o.d -o CMakeFiles/cmTC_90852.dir/src.c.o -c /home/jocelyn/Bureau/flusm-devBugs-SwpMods/flusm-devBugs/Dependencies/syscall_intercept/build/CMakeFiles/CMakeTmp/src.c
Linking C executable cmTC_90852
/usr/bin/cmake -E cmake_link_script CMakeFiles/cmTC_90852.dir/link.txt --verbose=1
/usr/bin/clang -rdynamic CMakeFiles/cmTC_90852.dir/src.c.o -o cmTC_90852 
gmake[1]: Leaving directory '/home/jocelyn/Bureau/flusm-devBugs-SwpMods/flusm-devBugs/Dependencies/syscall_intercept/build/CMakeFiles/CMakeTmp'


Source file was:
int main(void) { return 0; }
Performing C SOURCE FILE Test HAS_WALL succeeded with the following output:
Change Dir: /home/jocelyn/Bureau/flusm-devBugs-SwpMods/flusm-devBugs/Dependencies/syscall_intercept/build/CMakeFiles/CMakeTmp

Run Build Command(s):/usr/bin/gmake -f Makefile cmTC_fa47e/fast && /usr/bin/gmake  -f CMakeFiles/cmTC_fa47e.dir/build.make CMakeFiles/cmTC_fa47e.dir/build
gmake[1]: Entering directory '/home/jocelyn/Bureau/flusm-devBugs-SwpMods/flusm-devBugs/Dependencies/syscall_intercept/build/CMakeFiles/CMakeTmp'
Building C object CMakeFiles/cmTC_fa47e.dir/src.c.o
/usr/bin/clang -DHAS_WALL  -Wall -MD -MT CMakeFiles/cmTC_fa47e.dir/src.c.o -MF CMakeFiles/cmTC_fa47e.dir/src.c.o.d -o CMakeFiles/cmTC_fa47e.dir/src.c.o -c /home/jocelyn/Bureau/flusm-devBugs-SwpMods/flusm-devBugs/Dependencies/syscall_intercept/build/CMakeFiles/CMakeTmp/src.c
Linking C executable cmTC_fa47e
/usr/bin/cmake -E cmake_link_script CMakeFiles/cmTC_fa47e.dir/link.txt --verbose=1
/usr/bin/clang -rdynamic CMakeFiles/cmTC_fa47e.dir/src.c.o -o cmTC_fa47e 
gmake[1]: Leaving directory '/home/jocelyn/Bureau/flusm-devBugs-SwpMods/flusm-devBugs/Dependencies/syscall_intercept/build/CMakeFiles/CMakeTmp'


Source file was:
int main(void) { return 0; }
Performing C SOURCE FILE Test HAS_WEXTRA succeeded with the following output:
Change Dir: /home/jocelyn/Bureau/flusm-devBugs-SwpMods/flusm-devBugs/Dependencies/syscall_intercept/build/CMakeFiles/CMakeTmp

Run Build Command(s):/usr/bin/gmake -f Makefile cmTC_93d7f/fast && /usr/bin/gmake  -f CMakeFiles/cmTC_93d7f.dir/build.make CMakeFiles/cmTC_93d7f.dir/build
gmake[1]: Entering directory '/home/jocelyn/Bureau/flusm-devBugs-SwpMods/flusm-devBugs/Dependencies/syscall_intercept/build/CMakeFiles/CMakeTmp'
Building C object CMakeFiles/cmTC_93d7f.dir/src.c.o
/usr/bin/clang -DHAS_WEXTRA  -Wextra -MD -MT CMakeFiles/cmTC_93d7f.dir/src.c.o -MF CMakeFiles/cmTC_93d7f.dir/src.c.o.d -o CMakeFiles/cmTC_93d7f.dir/src.c.o -c /home/jocelyn/Bureau/flusm-devBugs-SwpMods/flusm-devBugs/Dependencies/syscall_intercept/build/CMakeFiles/CMakeTmp/src.c
Linking C executable cmTC_93d7f
/usr/bin/cmake -E cmake_link_script CMakeFiles/cmTC_93d7f.dir/link.txt --verbose=1
/usr/bin/clang -rdynamic CMakeFiles/cmTC_93d7f.dir/src.c.o -o cmTC_93d7f 
gmake[1]: Leaving directory '/home/jocelyn/Bureau/flusm-devBugs-SwpMods/flusm-devBugs/Dependencies/syscall_intercept/build/CMakeFiles/CMakeTmp'


Source file was:
int main(void) { return 0; }
Performing C SOURCE FILE Test HAS_PEDANTIC succeeded with the following output:
Change Dir: /home/jocelyn/Bureau/flusm-devBugs-SwpMods/flusm-devBugs/Dependencies/syscall_intercept/build/CMakeFiles/CMakeTmp

Run Build Command(s):/usr/bin/gmake -f Makefile cmTC_cc9db/fast && /usr/bin/gmake  -f CMakeFiles/cmTC_cc9db.dir/build.make CMakeFiles/cmTC_cc9db.dir/build
gmake[1]: Entering directory '/home/jocelyn/Bureau/flusm-devBugs-SwpMods/flusm-devBugs/Dependencies/syscall_intercept/build/CMakeFiles/CMakeTmp'
Building C object CMakeFiles/cmTC_cc9db.dir/src.c.o
/usr/bin/clang -DHAS_PEDANTIC  -pedantic -MD -MT CMakeFiles/cmTC_cc9db.dir/src.c.o -MF CMakeFiles/cmTC_cc9db.dir/src.c.o.d -o CMakeFiles/cmTC_cc9db.dir/src.c.o -c /home/jocelyn/Bureau/flusm-devBugs-SwpMods/flusm-devBugs/Dependencies/syscall_intercept/build/CMakeFiles/CMakeTmp/src.c
Linking C executable cmTC_cc9db
/usr/bin/cmake -E cmake_link_script CMakeFiles/cmTC_cc9db.dir/link.txt --verbose=1
/usr/bin/clang -rdynamic CMakeFiles/cmTC_cc9db.dir/src.c.o -o cmTC_cc9db 
gmake[1]: Leaving directory '/home/jocelyn/Bureau/flusm-devBugs-SwpMods/flusm-devBugs/Dependencies/syscall_intercept/build/CMakeFiles/CMakeTmp'


Source file was:
int main(void) { return 0; }
Performing C SOURCE FILE Test HAS_NOMFI succeeded with the following output:
Change Dir: /home/jocelyn/Bureau/flusm-devBugs-SwpMods/flusm-devBugs/Dependencies/syscall_intercept/build/CMakeFiles/CMakeTmp

Run Build Command(s):/usr/bin/gmake -f Makefile cmTC_e88d9/fast && /usr/bin/gmake  -f CMakeFiles/cmTC_e88d9.dir/build.make CMakeFiles/cmTC_e88d9.dir/build
gmake[1]: Entering directory '/home/jocelyn/Bureau/flusm-devBugs-SwpMods/flusm-devBugs/Dependencies/syscall_intercept/build/CMakeFiles/CMakeTmp'
Building C object CMakeFiles/cmTC_e88d9.dir/src.c.o
/usr/bin/clang -DHAS_NOMFI  -Wno-missing-field-initializers -MD -MT CMakeFiles/cmTC_e88d9.dir/src.c.o -MF CMakeFiles/cmTC_e88d9.dir/src.c.o.d -o CMakeFiles/cmTC_e88d9.dir/src.c.o -c /home/jocelyn/Bureau/flusm-devBugs-SwpMods/flusm-devBugs/Dependencies/syscall_intercept/build/CMakeFiles/CMakeTmp/src.c
Linking C executable cmTC_e88d9
/usr/bin/cmake -E cmake_link_script CMakeFiles/cmTC_e88d9.dir/link.txt --verbose=1
/usr/bin/clang -rdynamic CMakeFiles/cmTC_e88d9.dir/src.c.o -o cmTC_e88d9 
gmake[1]: Leaving directory '/home/jocelyn/Bureau/flusm-devBugs-SwpMods/flusm-devBugs/Dependencies/syscall_intercept/build/CMakeFiles/CMakeTmp'


Source file was:
int main(void) { return 0; }
Performing C SOURCE FILE Test LINKER_HAS_NOSTDLIB succeeded with the following output:
Change Dir: /home/jocelyn/Bureau/flusm-devBugs-SwpMods/flusm-devBugs/Dependencies/syscall_intercept/build/CMakeFiles/CMakeTmp

Run Build Command(s):/usr/bin/gmake -f Makefile cmTC_0ab9b/fast && /usr/bin/gmake  -f CMakeFiles/cmTC_0ab9b.dir/build.make CMakeFiles/cmTC_0ab9b.dir/build
gmake[1]: Entering directory '/home/jocelyn/Bureau/flusm-devBugs-SwpMods/flusm-devBugs/Dependencies/syscall_intercept/build/CMakeFiles/CMakeTmp'
Building C object CMakeFiles/cmTC_0ab9b.dir/src.c.o
/usr/bin/clang -DLINKER_HAS_NOSTDLIB  -Wl,-nostdlib -MD -MT CMakeFiles/cmTC_0ab9b.dir/src.c.o -MF CMakeFiles/cmTC_0ab9b.dir/src.c.o.d -o CMakeFiles/cmTC_0ab9b.dir/src.c.o -c /home/jocelyn/Bureau/flusm-devBugs-SwpMods/flusm-devBugs/Dependencies/syscall_intercept/build/CMakeFiles/CMakeTmp/src.c
clang: warning: -Wl,-nostdlib: 'linker' input unused [-Wunused-command-line-argument]
Linking C executable cmTC_0ab9b
/usr/bin/cmake -E cmake_link_script CMakeFiles/cmTC_0ab9b.dir/link.txt --verbose=1
/usr/bin/clang -rdynamic CMakeFiles/cmTC_0ab9b.dir/src.c.o -o cmTC_0ab9b 
gmake[1]: Leaving directory '/home/jocelyn/Bureau/flusm-devBugs-SwpMods/flusm-devBugs/Dependencies/syscall_intercept/build/CMakeFiles/CMakeTmp'


Source file was:
int main(void) { return 0; }
Performing C SOURCE FILE Test HAS_WLFATAL succeeded with the following output:
Change Dir: /home/jocelyn/Bureau/flusm-devBugs-SwpMods/flusm-devBugs/Dependencies/syscall_intercept/build/CMakeFiles/CMakeTmp

Run Build Command(s):/usr/bin/gmake -f Makefile cmTC_56754/fast && /usr/bin/gmake  -f CMakeFiles/cmTC_56754.dir/build.make CMakeFiles/cmTC_56754.dir/build
gmake[1]: Entering directory '/home/jocelyn/Bureau/flusm-devBugs-SwpMods/flusm-devBugs/Dependencies/syscall_intercept/build/CMakeFiles/CMakeTmp'
Building C object CMakeFiles/cmTC_56754.dir/src.c.o
/usr/bin/clang -DHAS_WLFATAL  -Wl,--fatal-warnings -MD -MT CMakeFiles/cmTC_56754.dir/src.c.o -MF CMakeFiles/cmTC_56754.dir/src.c.o.d -o CMakeFiles/cmTC_56754.dir/src.c.o -c /home/jocelyn/Bureau/flusm-devBugs-SwpMods/flusm-devBugs/Dependencies/syscall_intercept/build/CMakeFiles/CMakeTmp/src.c
clang: warning: -Wl,--fatal-warnings: 'linker' input unused [-Wunused-command-line-argument]
Linking C executable cmTC_56754
/usr/bin/cmake -E cmake_link_script CMakeFiles/cmTC_56754.dir/link.txt --verbose=1
/usr/bin/clang -rdynamic CMakeFiles/cmTC_56754.dir/src.c.o -o cmTC_56754 
gmake[1]: Leaving directory '/home/jocelyn/Bureau/flusm-devBugs-SwpMods/flusm-devBugs/Dependencies/syscall_intercept/build/CMakeFiles/CMakeTmp'


Source file was:
int main(void) { return 0; }
Performing C SOURCE FILE Test HAS_NOUNUSEDARG succeeded with the following output:
Change Dir: /home/jocelyn/Bureau/flusm-devBugs-SwpMods/flusm-devBugs/Dependencies/syscall_intercept/build/CMakeFiles/CMakeTmp

Run Build Command(s):/usr/bin/gmake -f Makefile cmTC_faf6f/fast && /usr/bin/gmake  -f CMakeFiles/cmTC_faf6f.dir/build.make CMakeFiles/cmTC_faf6f.dir/build
gmake[1]: Entering directory '/home/jocelyn/Bureau/flusm-devBugs-SwpMods/flusm-devBugs/Dependencies/syscall_intercept/build/CMakeFiles/CMakeTmp'
Building C object CMakeFiles/cmTC_faf6f.dir/src.c.o
/usr/bin/clang -DHAS_NOUNUSEDARG  -Wno-unused-command-line-argument -MD -MT CMakeFiles/cmTC_faf6f.dir/src.c.o -MF CMakeFiles/cmTC_faf6f.dir/src.c.o.d -o CMakeFiles/cmTC_faf6f.dir/src.c.o -c /home/jocelyn/Bureau/flusm-devBugs-SwpMods/flusm-devBugs/Dependencies/syscall_intercept/build/CMakeFiles/CMakeTmp/src.c
Linking C executable cmTC_faf6f
/usr/bin/cmake -E cmake_link_script CMakeFiles/cmTC_faf6f.dir/link.txt --verbose=1
/usr/bin/clang -rdynamic CMakeFiles/cmTC_faf6f.dir/src.c.o -o cmTC_faf6f 
gmake[1]: Leaving directory '/home/jocelyn/Bureau/flusm-devBugs-SwpMods/flusm-devBugs/Dependencies/syscall_intercept/build/CMakeFiles/CMakeTmp'


Source file was:
int main(void) { return 0; }
Performing C SOURCE FILE Test HAS_ARG_PIE succeeded with the following output:
Change Dir: /home/jocelyn/Bureau/flusm-devBugs-SwpMods/flusm-devBugs/Dependencies/syscall_intercept/build/CMakeFiles/CMakeTmp

Run Build Command(s):/usr/bin/gmake -f Makefile cmTC_812ab/fast && /usr/bin/gmake  -f CMakeFiles/cmTC_812ab.dir/build.make CMakeFiles/cmTC_812ab.dir/build
gmake[1]: Entering directory '/home/jocelyn/Bureau/flusm-devBugs-SwpMods/flusm-devBugs/Dependencies/syscall_intercept/build/CMakeFiles/CMakeTmp'
Building C object CMakeFiles/cmTC_812ab.dir/src.c.o
/usr/bin/clang -DHAS_ARG_PIE  -pie -MD -MT CMakeFiles/cmTC_812ab.dir/src.c.o -MF CMakeFiles/cmTC_812ab.dir/src.c.o.d -o CMakeFiles/cmTC_812ab.dir/src.c.o -c /home/jocelyn/Bureau/flusm-devBugs-SwpMods/flusm-devBugs/Dependencies/syscall_intercept/build/CMakeFiles/CMakeTmp/src.c
clang: warning: argument unused during compilation: '-pie' [-Wunused-command-line-argument]
Linking C executable cmTC_812ab
/usr/bin/cmake -E cmake_link_script CMakeFiles/cmTC_812ab.dir/link.txt --verbose=1
/usr/bin/clang -rdynamic CMakeFiles/cmTC_812ab.dir/src.c.o -o cmTC_812ab 
gmake[1]: Leaving directory '/home/jocelyn/Bureau/flusm-devBugs-SwpMods/flusm-devBugs/Dependencies/syscall_intercept/build/CMakeFiles/CMakeTmp'


Source file was:
int main(void) { return 0; }
Performing C SOURCE FILE Test HAS_ARG_NOPIE succeeded with the following output:
Change Dir: /home/jocelyn/Bureau/flusm-devBugs-SwpMods/flusm-devBugs/Dependencies/syscall_intercept/build/CMakeFiles/CMakeTmp

Run Build Command(s):/usr/bin/gmake -f Makefile cmTC_fe3cc/fast && /usr/bin/gmake  -f CMakeFiles/cmTC_fe3cc.dir/build.make CMakeFiles/cmTC_fe3cc.dir/build
gmake[1]: Entering directory '/home/jocelyn/Bureau/flusm-devBugs-SwpMods/flusm-devBugs/Dependencies/syscall_intercept/build/CMakeFiles/CMakeTmp'
Building C object CMakeFiles/cmTC_fe3cc.dir/src.c.o
/usr/bin/clang -DHAS_ARG_NOPIE  -nopie -MD -MT CMakeFiles/cmTC_fe3cc.dir/src.c.o -MF CMakeFiles/cmTC_fe3cc.dir/src.c.o.d -o CMakeFiles/cmTC_fe3cc.dir/src.c.o -c /home/jocelyn/Bureau/flusm-devBugs-SwpMods/flusm-devBugs/Dependencies/syscall_intercept/build/CMakeFiles/CMakeTmp/src.c
clang: warning: argument unused during compilation: '-nopie' [-Wunused-command-line-argument]
Linking C executable cmTC_fe3cc
/usr/bin/cmake -E cmake_link_script CMakeFiles/cmTC_fe3cc.dir/link.txt --verbose=1
/usr/bin/clang -rdynamic CMakeFiles/cmTC_fe3cc.dir/src.c.o -o cmTC_fe3cc 
gmake[1]: Leaving directory '/home/jocelyn/Bureau/flusm-devBugs-SwpMods/flusm-devBugs/Dependencies/syscall_intercept/build/CMakeFiles/CMakeTmp'


Source file was:
int main(void) { return 0; }
Performing C SOURCE FILE Test HAS_ARG_NO_PIE succeeded with the following output:
Change Dir: /home/jocelyn/Bureau/flusm-devBugs-SwpMods/flusm-devBugs/Dependencies/syscall_intercept/build/CMakeFiles/CMakeTmp

Run Build Command(s):/usr/bin/gmake -f Makefile cmTC_84807/fast && /usr/bin/gmake  -f CMakeFiles/cmTC_84807.dir/build.make CMakeFiles/cmTC_84807.dir/build
gmake[1]: Entering directory '/home/jocelyn/Bureau/flusm-devBugs-SwpMods/flusm-devBugs/Dependencies/syscall_intercept/build/CMakeFiles/CMakeTmp'
Building C object CMakeFiles/cmTC_84807.dir/src.c.o
/usr/bin/clang -DHAS_ARG_NO_PIE  -no-pie -MD -MT CMakeFiles/cmTC_84807.dir/src.c.o -MF CMakeFiles/cmTC_84807.dir/src.c.o.d -o CMakeFiles/cmTC_84807.dir/src.c.o -c /home/jocelyn/Bureau/flusm-devBugs-SwpMods/flusm-devBugs/Dependencies/syscall_intercept/build/CMakeFiles/CMakeTmp/src.c
clang: warning: argument unused during compilation: '-no-pie' [-Wunused-command-line-argument]
Linking C executable cmTC_84807
/usr/bin/cmake -E cmake_link_script CMakeFiles/cmTC_84807.dir/link.txt --verbose=1
/usr/bin/clang -rdynamic CMakeFiles/cmTC_84807.dir/src.c.o -o cmTC_84807 
gmake[1]: Leaving directory '/home/jocelyn/Bureau/flusm-devBugs-SwpMods/flusm-devBugs/Dependencies/syscall_intercept/build/CMakeFiles/CMakeTmp'


Source file was:
int main(void) { return 0; }
Performing C SOURCE FILE Test HAS_GCC_ATTR_CONSTR succeeded with the following output:
Change Dir: /home/jocelyn/Bureau/flusm-devBugs-SwpMods/flusm-devBugs/Dependencies/syscall_intercept/build/CMakeFiles/CMakeTmp

Run Build Command(s):/usr/bin/gmake -f Makefile cmTC_47e27/fast && /usr/bin/gmake  -f CMakeFiles/cmTC_47e27.dir/build.make CMakeFiles/cmTC_47e27.dir/build
gmake[1] : on entre dans le répertoire « /home/jocelyn/Bureau/flusm-devBugs-SwpMods/flusm-devBugs/Dependencies/syscall_intercept/build/CMakeFiles/CMakeTmp »
Building C object CMakeFiles/cmTC_47e27.dir/src.c.o
/usr/bin/clang -DHAS_GCC_ATTR_CONSTR  -Werror -Wall -Wextra -pedantic -Wno-missing-field-initializers  -MD -MT CMakeFiles/cmTC_47e27.dir/src.c.o -MF CMakeFiles/cmTC_47e27.dir/src.c.o.d -o CMakeFiles/cmTC_47e27.dir/src.c.o -c /home/jocelyn/Bureau/flusm-devBugs-SwpMods/flusm-devBugs/Dependencies/syscall_intercept/build/CMakeFiles/CMakeTmp/src.c
Linking C executable cmTC_47e27
/usr/bin/cmake -E cmake_link_script CMakeFiles/cmTC_47e27.dir/link.txt --verbose=1
/usr/bin/clang  -Werror -Wall -Wextra -pedantic -Wno-missing-field-initializers  -rdynamic CMakeFiles/cmTC_47e27.dir/src.c.o -o cmTC_47e27 
gmake[1] : on quitte le répertoire « /home/jocelyn/Bureau/flusm-devBugs-SwpMods/flusm-devBugs/Dependencies/syscall_intercept/build/CMakeFiles/CMakeTmp »


Source file was:

static __attribute__((constructor)) void
entry_point(void) {}

int main(void) { return 0; }

Performing C SOURCE FILE Test HAS_GCC_PRAGMA_SYSH succeeded with the following output:
Change Dir: /home/jocelyn/Bureau/flusm-devBugs-SwpMods/flusm-devBugs/Dependencies/syscall_intercept/build/CMakeFiles/CMakeTmp

Run Build Command(s):/usr/bin/gmake -f Makefile cmTC_9e507/fast && /usr/bin/gmake  -f CMakeFiles/cmTC_9e507.dir/build.make CMakeFiles/cmTC_9e507.dir/build
gmake[1] : on entre dans le répertoire « /home/jocelyn/Bureau/flusm-devBugs-SwpMods/flusm-devBugs/Dependencies/syscall_intercept/build/CMakeFiles/CMakeTmp »
Building C object CMakeFiles/cmTC_9e507.dir/src.c.o
/usr/bin/clang -DHAS_GCC_PRAGMA_SYSH -I/home/jocelyn/Bureau/flusm-devBugs-SwpMods/flusm-devBugs/Dependencies/syscall_intercept/cmake -Werror -Wall -Wextra -pedantic -Wno-missing-field-initializers  -MD -MT CMakeFiles/cmTC_9e507.dir/src.c.o -MF CMakeFiles/cmTC_9e507.dir/src.c.o.d -o CMakeFiles/cmTC_9e507.dir/src.c.o -c /home/jocelyn/Bureau/flusm-devBugs-SwpMods/flusm-devBugs/Dependencies/syscall_intercept/build/CMakeFiles/CMakeTmp/src.c
Linking C executable cmTC_9e507
/usr/bin/cmake -E cmake_link_script CMakeFiles/cmTC_9e507.dir/link.txt --verbose=1
/usr/bin/clang  -Werror -Wall -Wextra -pedantic -Wno-missing-field-initializers  -rdynamic CMakeFiles/cmTC_9e507.dir/src.c.o -o cmTC_9e507 
gmake[1] : on quitte le répertoire « /home/jocelyn/Bureau/flusm-devBugs-SwpMods/flusm-devBugs/Dependencies/syscall_intercept/build/CMakeFiles/CMakeTmp »


Source file was:

#include "test_header.h"

int main(void) { return 0; }

Determining if files elf.h exist passed with the following output:
Change Dir: /home/jocelyn/Bureau/flusm-devBugs-SwpMods/flusm-devBugs/Dependencies/syscall_intercept/build/CMakeFiles/CMakeTmp

Run Build Command(s):/usr/bin/gmake -f Makefile cmTC_2c018/fast && /usr/bin/gmake  -f CMakeFiles/cmTC_2c018.dir/build.make CMakeFiles/cmTC_2c018.dir/build
gmake[1] : on entre dans le répertoire « /home/jocelyn/Bureau/flusm-devBugs-SwpMods/flusm-devBugs/Dependencies/syscall_intercept/build/CMakeFiles/CMakeTmp »
Building C object CMakeFiles/cmTC_2c018.dir/HAS_ELF_H.c.o
/usr/bin/clang   -Werror -Wall -Wextra -pedantic -Wno-missing-field-initializers  -MD -MT CMakeFiles/cmTC_2c018.dir/HAS_ELF_H.c.o -MF CMakeFiles/cmTC_2c018.dir/HAS_ELF_H.c.o.d -o CMakeFiles/cmTC_2c018.dir/HAS_ELF_H.c.o -c /home/jocelyn/Bureau/flusm-devBugs-SwpMods/flusm-devBugs/Dependencies/syscall_intercept/build/CMakeFiles/CheckIncludeFiles/HAS_ELF_H.c
Linking C executable cmTC_2c018
/usr/bin/cmake -E cmake_link_script CMakeFiles/cmTC_2c018.dir/link.txt --verbose=1
/usr/bin/clang  -Werror -Wall -Wextra -pedantic -Wno-missing-field-initializers  -rdynamic CMakeFiles/cmTC_2c018.dir/HAS_ELF_H.c.o -o cmTC_2c018 
gmake[1] : on quitte le répertoire « /home/jocelyn/Bureau/flusm-devBugs-SwpMods/flusm-devBugs/Dependencies/syscall_intercept/build/CMakeFiles/CMakeTmp »



Determining if the function dladdr exists passed with the following output:
Change Dir: /home/jocelyn/Bureau/flusm-devBugs-SwpMods/flusm-devBugs/Dependencies/syscall_intercept/build/CMakeFiles/CMakeTmp

Run Build Command(s):/usr/bin/gmake -f Makefile cmTC_75718/fast && /usr/bin/gmake  -f CMakeFiles/cmTC_75718.dir/build.make CMakeFiles/cmTC_75718.dir/build
gmake[1] : on entre dans le répertoire « /home/jocelyn/Bureau/flusm-devBugs-SwpMods/flusm-devBugs/Dependencies/syscall_intercept/build/CMakeFiles/CMakeTmp »
Building C object CMakeFiles/cmTC_75718.dir/CheckFunctionExists.c.o
/usr/bin/clang   -Werror -Wall -Wextra -pedantic -Wno-missing-field-initializers -DCHECK_FUNCTION_EXISTS=dladdr -MD -MT CMakeFiles/cmTC_75718.dir/CheckFunctionExists.c.o -MF CMakeFiles/cmTC_75718.dir/CheckFunctionExists.c.o.d -o CMakeFiles/cmTC_75718.dir/CheckFunctionExists.c.o -c /usr/share/cmake-3.22/Modules/CheckFunctionExists.c
Linking C executable cmTC_75718
/usr/bin/cmake -E cmake_link_script CMakeFiles/cmTC_75718.dir/link.txt --verbose=1
/usr/bin/clang  -Werror -Wall -Wextra -pedantic -Wno-missing-field-initializers -DCHECK_FUNCTION_EXISTS=dladdr -rdynamic CMakeFiles/cmTC_75718.dir/CheckFunctionExists.c.o -o cmTC_75718  -ldl 
gmake[1] : on quitte le répertoire « /home/jocelyn/Bureau/flusm-devBugs-SwpMods/flusm-devBugs/Dependencies/syscall_intercept/build/CMakeFiles/CMakeTmp »



Looking for a CXX compiler passed with the following output:
-- The CXX compiler identification is GNU 11.4.0
-- Detecting CXX compiler ABI info
-- Detecting CXX compiler ABI info - done
-- Check for working CXX compiler: /usr/bin/c++ - skipped
-- Detecting CXX compile features
-- Detecting CXX compile features - done
-- Configuring done
-- Generating done
-- Build files have been written to: /home/jocelyn/Bureau/flusm-devBugs-SwpMods/flusm-devBugs/Dependencies/syscall_intercept/build/CMakeFiles/CheckCXX

Compiling the CXX compiler identification source file "CMakeCXXCompilerId.cpp" succeeded.
Compiler: /usr/bin/c++ 
Build flags: 
Id flags:  

The output was:
0


Compilation of the CXX compiler identification source "CMakeCXXCompilerId.cpp" produced "a.out"

The CXX compiler identification is GNU, found in "/home/jocelyn/Bureau/flusm-devBugs-SwpMods/flusm-devBugs/Dependencies/syscall_intercept/build/CMakeFiles/3.22.1/CompilerIdCXX/a.out"

Detecting CXX compiler ABI info compiled with the following output:
Change Dir: /home/jocelyn/Bureau/flusm-devBugs-SwpMods/flusm-devBugs/Dependencies/syscall_intercept/build/CMakeFiles/CMakeTmp

Run Build Command(s):/usr/bin/gmake -f Makefile cmTC_f3287/fast && /usr/bin/gmake  -f CMakeFiles/cmTC_f3287.dir/build.make CMakeFiles/cmTC_f3287.dir/build
gmake[1]: Entering directory '/home/jocelyn/Bureau/flusm-devBugs-SwpMods/flusm-devBugs/Dependencies/syscall_intercept/build/CMakeFiles/CMakeTmp'
Building CXX object CMakeFiles/cmTC_f3287.dir/CMakeCXXCompilerABI.cpp.o
/usr/bin/c++   -fPIE   -v -o CMakeFiles/cmTC_f3287.dir/CMakeCXXCompilerABI.cpp.o -c /usr/share/cmake-3.22/Modules/CMakeCXXCompilerABI.cpp
Using built-in specs.
COLLECT_GCC=/usr/bin/c++
OFFLOAD_TARGET_NAMES=nvptx-none:amdgcn-amdhsa
OFFLOAD_TARGET_DEFAULT=1
Target: x86_64-linux-gnu
Configured with: ../src/configure -v --with-pkgversion='Ubuntu 11.4.0-1ubuntu1~22.04' --with-bugurl=file:///usr/share/doc/gcc-11/README.Bugs --enable-languages=c,ada,c++,go,brig,d,fortran,objc,obj-c++,m2 --prefix=/usr --with-gcc-major-version-only --program-suffix=-11 --program-prefix=x86_64-linux-gnu- --enable-shared --enable-linker-build-id --libexecdir=/usr/lib --without-included-gettext --enable-threads=posix --libdir=/usr/lib --enable-nls --enable-bootstrap --enable-clocale=gnu --enable-libstdcxx-debug --enable-libstdcxx-time=yes --with-default-libstdcxx-abi=new --enable-gnu-unique-object --disable-vtable-verify --enable-plugin --enable-default-pie --with-system-zlib --enable-libphobos-checking=release --with-target-system-zlib=auto --enable-objc-gc=auto --enable-multiarch --disable-werror --enable-cet --with-arch-32=i686 --with-abi=m64 --with-multilib-list=m32,m64,mx32 --enable-multilib --with-tune=generic --enable-offload-targets=nvptx-none=/build/gcc-11-XeT9lY/gcc-11-11.4.0/debian/tmp-nvptx/usr,amdgcn-amdhsa=/build/gcc-11-XeT9lY/gcc-11-11.4.0/debian/tmp-gcn/usr --without-cuda-driver --enable-checking=release --build=x86_64-linux-gnu --host=x86_64-linux-gnu --target=x86_64-linux-gnu --with-build-config=bootstrap-lto-lean --enable-link-serialization=2
Thread model: posix
Supported LTO compression algorithms: zlib zstd
gcc version 11.4.0 (Ubuntu 11.4.0-1ubuntu1~22.04) 
COLLECT_GCC_OPTIONS='-fPIE' '-v' '-o' 'CMakeFiles/cmTC_f3287.dir/CMakeCXXCompilerABI.cpp.o' '-c' '-shared-libgcc' '-mtune=generic' '-march=x86-64' '-dumpdir' 'CMakeFiles/cmTC_f3287.dir/'
 /usr/lib/gcc/x86_64-linux-gnu/11/cc1plus -quiet -v -imultiarch x86_64-linux-gnu -D_GNU_SOURCE /usr/share/cmake-3.22/Modules/CMakeCXXCompilerABI.cpp -quiet -dumpdir CMakeFiles/cmTC_f3287.dir/ -dumpbase CMakeCXXCompilerABI.cpp.cpp -dumpbase-ext .cpp -mtune=generic -march=x86-64 -version -fPIE -fasynchronous-unwind-tables -fstack-protector-strong -Wformat -Wformat-security -fstack-clash-protection -fcf-protection -o /tmp/cc8dl9tP.s
GNU C++17 (Ubuntu 11.4.0-1ubuntu1~22.04) version 11.4.0 (x86_64-linux-gnu)
	compiled by GNU C version 11.4.0, GMP version 6.2.1, MPFR version 4.1.0, MPC version 1.2.1, isl version isl-0.24-GMP

GGC heuristics: --param ggc-min-expand=100 --param ggc-min-heapsize=131072
ignoring duplicate directory "/usr/include/x86_64-linux-gnu/c++/11"
ignoring nonexistent directory "/usr/local/include/x86_64-linux-gnu"
ignoring nonexistent directory "/usr/lib/gcc/x86_64-linux-gnu/11/include-fixed"
ignoring nonexistent directory "/usr/lib/gcc/x86_64-linux-gnu/11/../../../../x86_64-linux-gnu/include"
#include "..." search starts here:
#include <...> search starts here:
 /usr/include/c++/11
 /usr/include/x86_64-linux-gnu/c++/11
 /usr/include/c++/11/backward
 /usr/lib/gcc/x86_64-linux-gnu/11/include
 /usr/local/include
 /usr/include/x86_64-linux-gnu
 /usr/include
End of search list.
GNU C++17 (Ubuntu 11.4.0-1ubuntu1~22.04) version 11.4.0 (x86_64-linux-gnu)
	compiled by GNU C version 11.4.0, GMP version 6.2.1, MPFR version 4.1.0, MPC version 1.2.1, isl version isl-0.24-GMP

GGC heuristics: --param ggc-min-expand=100 --param ggc-min-heapsize=131072
Compiler executable checksum: d591828bb4d392ae8b7b160e5bb0b95f
COLLECT_GCC_OPTIONS='-fPIE' '-v' '-o' 'CMakeFiles/cmTC_f3287.dir/CMakeCXXCompilerABI.cpp.o' '-c' '-shared-libgcc' '-mtune=generic' '-march=x86-64' '-dumpdir' 'CMakeFiles/cmTC_f3287.dir/'
 as -v --64 -o CMakeFiles/cmTC_f3287.dir/CMakeCXXCompilerABI.cpp.o /tmp/cc8dl9tP.s
GNU assembler version 2.38 (x86_64-linux-gnu) using BFD version (GNU Binutils for Ubuntu) 2.38
COMPILER_PATH=/usr/lib/gcc/x86_64-linux-gnu/11/:/usr/lib/gcc/x86_64-linux-gnu/11/:/usr/lib/gcc/x86_64-linux-gnu/:/usr/lib/gcc/x86_64-linux-gnu/11/:/usr/lib/gcc/x86_64-linux-gnu/
LIBRARY_PATH=/usr/lib/gcc/x86_64-linux-gnu/11/:/usr/lib/gcc/x86_64-linux-gnu/11/../../../x86_64-linux-gnu/:/usr/lib/gcc/x86_64-linux-gnu/11/../../../../lib/:/lib/x86_64-linux-gnu/:/lib/../lib/:/usr/lib/x86_64-linux-gnu/:/usr/lib/../lib/:/usr/lib/gcc/x86_64-linux-gnu/11/../../../:/lib/:/usr/lib/
COLLECT_GCC_OPTIONS='-fPIE' '-v' '-o' 'CMakeFiles/cmTC_f3287.dir/CMakeCXXCompilerABI.cpp.o' '-c' '-shared-libgcc' '-mtune=generic' '-march=x86-64' '-dumpdir' 'CMakeFiles/cmTC_f3287.dir/CMakeCXXCompilerABI.cpp.'
Linking CXX executable cmTC_f3287
/usr/bin/cmake -E cmake_link_script CMakeFiles/cmTC_f3287.dir/link.txt --verbose=1
/usr/bin/c++  -v -rdynamic CMakeFiles/cmTC_f3287.dir/CMakeCXXCompilerABI.cpp.o -o cmTC_f3287 
Using built-in specs.
COLLECT_GCC=/usr/bin/c++
COLLECT_LTO_WRAPPER=/usr/lib/gcc/x86_64-linux-gnu/11/lto-wrapper
OFFLOAD_TARGET_NAMES=nvptx-none:amdgcn-amdhsa
OFFLOAD_TARGET_DEFAULT=1
Target: x86_64-linux-gnu
Configured with: ../src/configure -v --with-pkgversion='Ubuntu 11.4.0-1ubuntu1~22.04' --with-bugurl=file:///usr/share/doc/gcc-11/README.Bugs --enable-languages=c,ada,c++,go,brig,d,fortran,objc,obj-c++,m2 --prefix=/usr --with-gcc-major-version-only --program-suffix=-11 --program-prefix=x86_64-linux-gnu- --enable-shared --enable-linker-build-id --libexecdir=/usr/lib --without-included-gettext --enable-threads=posix --libdir=/usr/lib --enable-nls --enable-bootstrap --enable-clocale=gnu --enable-libstdcxx-debug --enable-libstdcxx-time=yes --with-default-libstdcxx-abi=new --enable-gnu-unique-object --disable-vtable-verify --enable-plugin --enable-default-pie --with-system-zlib --enable-libphobos-checking=release --with-target-system-zlib=auto --enable-objc-gc=auto --enable-multiarch --disable-werror --enable-cet --with-arch-32=i686 --with-abi=m64 --with-multilib-list=m32,m64,mx32 --enable-multilib --with-tune=generic --enable-offload-targets=nvptx-none=/build/gcc-11-XeT9lY/gcc-11-11.4.0/debian/tmp-nvptx/usr,amdgcn-amdhsa=/build/gcc-11-XeT9lY/gcc-11-11.4.0/debian/tmp-gcn/usr --without-cuda-driver --enable-checking=release --build=x86_64-linux-gnu --host=x86_64-linux-gnu --target=x86_64-linux-gnu --with-build-config=bootstrap-lto-lean --enable-link-serialization=2
Thread model: posix
Supported LTO compression algorithms: zlib zstd
gcc version 11.4.0 (Ubuntu 11.4.0-1ubuntu1~22.04) 
COMPILER_PATH=/usr/lib/gcc/x86_64-linux-gnu/11/:/usr/lib/gcc/x86_64-linux-gnu/11/:/usr/lib/gcc/x86_64-linux-gnu/:/usr/lib/gcc/x86_64-linux-gnu/11/:/usr/lib/gcc/x86_64-linux-gnu/
LIBRARY_PATH=/usr/lib/gcc/x86_64-linux-gnu/11/:/usr/lib/gcc/x86_64-linux-gnu/11/../../../x86_64-linux-gnu/:/usr/lib/gcc/x86_64-linux-gnu/11/../../../../lib/:/lib/x86_64-linux-gnu/:/lib/../lib/:/usr/lib/x86_64-linux-gnu/:/usr/lib/../lib/:/usr/lib/gcc/x86_64-linux-gnu/11/../../../:/lib/:/usr/lib/
COLLECT_GCC_OPTIONS='-v' '-rdynamic' '-o' 'cmTC_f3287' '-shared-libgcc' '-mtune=generic' '-march=x86-64' '-dumpdir' 'cmTC_f3287.'
 /usr/lib/gcc/x86_64-linux-gnu/11/collect2 -plugin /usr/lib/gcc/x86_64-linux-gnu/11/liblto_plugin.so -plugin-opt=/usr/lib/gcc/x86_64-linux-gnu/11/lto-wrapper -plugin-opt=-fresolution=/tmp/cc8C4qH1.res -plugin-opt=-pass-through=-lgcc_s -plugin-opt=-pass-through=-lgcc -plugin-opt=-pass-through=-lc -plugin-opt=-pass-through=-lgcc_s -plugin-opt=-pass-through=-lgcc --build-id --eh-frame-hdr -m elf_x86_64 --hash-style=gnu --as-needed -export-dynamic -dynamic-linker /lib64/ld-linux-x86-64.so.2 -pie -z now -z relro -o cmTC_f3287 /usr/lib/gcc/x86_64-linux-gnu/11/../../../x86_64-linux-gnu/Scrt1.o /usr/lib/gcc/x86_64-linux-gnu/11/../../../x86_64-linux-gnu/crti.o /usr/lib/gcc/x86_64-linux-gnu/11/crtbeginS.o -L/usr/lib/gcc/x86_64-linux-gnu/11 -L/usr/lib/gcc/x86_64-linux-gnu/11/../../../x86_64-linux-gnu -L/usr/lib/gcc/x86_64-linux-gnu/11/../../../../lib -L/lib/x86_64-linux-gnu -L/lib/../lib -L/usr/lib/x86_64-linux-gnu -L/usr/lib/../lib -L/usr/lib/gcc/x86_64-linux-gnu/11/../../.. CMakeFiles/cmTC_f3287.dir/CMakeCXXCompilerABI.cpp.o -lstdc++ -lm -lgcc_s -lgcc -lc -lgcc_s -lgcc /usr/lib/gcc/x86_64-linux-gnu/11/crtendS.o /usr/lib/gcc/x86_64-linux-gnu/11/../../../x86_64-linux-gnu/crtn.o
COLLECT_GCC_OPTIONS='-v' '-rdynamic' '-o' 'cmTC_f3287' '-shared-libgcc' '-mtune=generic' '-march=x86-64' '-dumpdir' 'cmTC_f3287.'
gmake[1]: Leaving directory '/home/jocelyn/Bureau/flusm-devBugs-SwpMods/flusm-devBugs/Dependencies/syscall_intercept/build/CMakeFiles/CMakeTmp'



Parsed CXX implicit include dir info from above output: rv=done
  found start of include info
  found start of implicit include info
    add: [/usr/include/c++/11]
    add: [/usr/include/x86_64-linux-gnu/c++/11]
    add: [/usr/include/c++/11/backward]
    add: [/usr/lib/gcc/x86_64-linux-gnu/11/include]
    add: [/usr/local/include]
    add: [/usr/include/x86_64-linux-gnu]
    add: [/usr/include]
  end of search list found
  collapse include dir [/usr/include/c++/11] ==> [/usr/include/c++/11]
  collapse include dir [/usr/include/x86_64-linux-gnu/c++/11] ==> [/usr/include/x86_64-linux-gnu/c++/11]
  collapse include dir [/usr/include/c++/11/backward] ==> [/usr/include/c++/11/backward]
  collapse include dir [/usr/lib/gcc/x86_64-linux-gnu/11/include] ==> [/usr/lib/gcc/x86_64-linux-gnu/11/include]
  collapse include dir [/usr/local/include] ==> [/usr/local/include]
  collapse include dir [/usr/include/x86_64-linux-gnu] ==> [/usr/include/x86_64-linux-gnu]
  collapse include dir [/usr/include] ==> [/usr/include]
  implicit include dirs: [/usr/include/c++/11;/usr/include/x86_64-linux-gnu/c++/11;/usr/include/c++/11/backward;/usr/lib/gcc/x86_64-linux-gnu/11/include;/usr/local/include;/usr/include/x86_64-linux-gnu;/usr/include]


Parsed CXX implicit link information from above output:
  link line regex: [^( *|.*[/\])(ld|CMAKE_LINK_STARTFILE-NOTFOUND|([^/\]+-)?ld|collect2)[^/\]*( |$)]
  ignore line: [Change Dir: /home/jocelyn/Bureau/flusm-devBugs-SwpMods/flusm-devBugs/Dependencies/syscall_intercept/build/CMakeFiles/CMakeTmp]
  ignore line: []
  ignore line: [Run Build Command(s):/usr/bin/gmake -f Makefile cmTC_f3287/fast && /usr/bin/gmake  -f CMakeFiles/cmTC_f3287.dir/build.make CMakeFiles/cmTC_f3287.dir/build]
  ignore line: [gmake[1]: Entering directory '/home/jocelyn/Bureau/flusm-devBugs-SwpMods/flusm-devBugs/Dependencies/syscall_intercept/build/CMakeFiles/CMakeTmp']
  ignore line: [Building CXX object CMakeFiles/cmTC_f3287.dir/CMakeCXXCompilerABI.cpp.o]
  ignore line: [/usr/bin/c++   -fPIE   -v -o CMakeFiles/cmTC_f3287.dir/CMakeCXXCompilerABI.cpp.o -c /usr/share/cmake-3.22/Modules/CMakeCXXCompilerABI.cpp]
  ignore line: [Using built-in specs.]
  ignore line: [COLLECT_GCC=/usr/bin/c++]
  ignore line: [OFFLOAD_TARGET_NAMES=nvptx-none:amdgcn-amdhsa]
  ignore line: [OFFLOAD_TARGET_DEFAULT=1]
  ignore line: [Target: x86_64-linux-gnu]
  ignore line: [Configured with: ../src/configure -v --with-pkgversion='Ubuntu 11.4.0-1ubuntu1~22.04' --with-bugurl=file:///usr/share/doc/gcc-11/README.Bugs --enable-languages=c ada c++ go brig d fortran objc obj-c++ m2 --prefix=/usr --with-gcc-major-version-only --program-suffix=-11 --program-prefix=x86_64-linux-gnu- --enable-shared --enable-linker-build-id --libexecdir=/usr/lib --without-included-gettext --enable-threads=posix --libdir=/usr/lib --enable-nls --enable-bootstrap --enable-clocale=gnu --enable-libstdcxx-debug --enable-libstdcxx-time=yes --with-default-libstdcxx-abi=new --enable-gnu-unique-object --disable-vtable-verify --enable-plugin --enable-default-pie --with-system-zlib --enable-libphobos-checking=release --with-target-system-zlib=auto --enable-objc-gc=auto --enable-multiarch --disable-werror --enable-cet --with-arch-32=i686 --with-abi=m64 --with-multilib-list=m32 m64 mx32 --enable-multilib --with-tune=generic --enable-offload-targets=nvptx-none=/build/gcc-11-XeT9lY/gcc-11-11.4.0/debian/tmp-nvptx/usr amdgcn-amdhsa=/build/gcc-11-XeT9lY/gcc-11-11.4.0/debian/tmp-gcn/usr --without-cuda-driver --enable-checking=release --build=x86_64-linux-gnu --host=x86_64-linux-gnu --target=x86_64-linux-gnu --with-build-config=bootstrap-lto-lean --enable-link-serialization=2]
  ignore line: [Thread model: posix]
  ignore line: [Supported LTO compression algorithms: zlib zstd]
  ignore line: [gcc version 11.4.0 (Ubuntu 11.4.0-1ubuntu1~22.04) ]
  ignore line: [COLLECT_GCC_OPTIONS='-fPIE' '-v' '-o' 'CMakeFiles/cmTC_f3287.dir/CMakeCXXCompilerABI.cpp.o' '-c' '-shared-libgcc' '-mtune=generic' '-march=x86-64' '-dumpdir' 'CMakeFiles/cmTC_f3287.dir/']
  ignore line: [ /usr/lib/gcc/x86_64-linux-gnu/11/cc1plus -quiet -v -imultiarch x86_64-linux-gnu -D_GNU_SOURCE /usr/share/cmake-3.22/Modules/CMakeCXXCompilerABI.cpp -quiet -dumpdir CMakeFiles/cmTC_f3287.dir/ -dumpbase CMakeCXXCompilerABI.cpp.cpp -dumpbase-ext .cpp -mtune=generic -march=x86-64 -version -fPIE -fasynchronous-unwind-tables -fstack-protector-strong -Wformat -Wformat-security -fstack-clash-protection -fcf-protection -o /tmp/cc8dl9tP.s]
  ignore line: [GNU C++17 (Ubuntu 11.4.0-1ubuntu1~22.04) version 11.4.0 (x86_64-linux-gnu)]
  ignore line: [	compiled by GNU C version 11.4.0  GMP version 6.2.1  MPFR version 4.1.0  MPC version 1.2.1  isl version isl-0.24-GMP]
  ignore line: []
  ignore line: [GGC heuristics: --param ggc-min-expand=100 --param ggc-min-heapsize=131072]
  ignore line: [ignoring duplicate directory "/usr/include/x86_64-linux-gnu/c++/11"]
  ignore line: [ignoring nonexistent directory "/usr/local/include/x86_64-linux-gnu"]
  ignore line: [ignoring nonexistent directory "/usr/lib/gcc/x86_64-linux-gnu/11/include-fixed"]
  ignore line: [ignoring nonexistent directory "/usr/lib/gcc/x86_64-linux-gnu/11/../../../../x86_64-linux-gnu/include"]
  ignore line: [#include "..." search starts here:]
  ignore line: [#include <...> search starts here:]
  ignore line: [ /usr/include/c++/11]
  ignore line: [ /usr/include/x86_64-linux-gnu/c++/11]
  ignore line: [ /usr/include/c++/11/backward]
  ignore line: [ /usr/lib/gcc/x86_64-linux-gnu/11/include]
  ignore line: [ /usr/local/include]
  ignore line: [ /usr/include/x86_64-linux-gnu]
  ignore line: [ /usr/include]
  ignore line: [End of search list.]
  ignore line: [GNU C++17 (Ubuntu 11.4.0-1ubuntu1~22.04) version 11.4.0 (x86_64-linux-gnu)]
  ignore line: [	compiled by GNU C version 11.4.0  GMP version 6.2.1  MPFR version 4.1.0  MPC version 1.2.1  isl version isl-0.24-GMP]
  ignore line: []
  ignore line: [GGC heuristics: --param ggc-min-expand=100 --param ggc-min-heapsize=131072]
  ignore line: [Compiler executable checksum: d591828bb4d392ae8b7b160e5bb0b95f]
  ignore line: [COLLECT_GCC_OPTIONS='-fPIE' '-v' '-o' 'CMakeFiles/cmTC_f3287.dir/CMakeCXXCompilerABI.cpp.o' '-c' '-shared-libgcc' '-mtune=generic' '-march=x86-64' '-dumpdir' 'CMakeFiles/cmTC_f3287.dir/']
  ignore line: [ as -v --64 -o CMakeFiles/cmTC_f3287.dir/CMakeCXXCompilerABI.cpp.o /tmp/cc8dl9tP.s]
  ignore line: [GNU assembler version 2.38 (x86_64-linux-gnu) using BFD version (GNU Binutils for Ubuntu) 2.38]
  ignore line: [COMPILER_PATH=/usr/lib/gcc/x86_64-linux-gnu/11/:/usr/lib/gcc/x86_64-linux-gnu/11/:/usr/lib/gcc/x86_64-linux-gnu/:/usr/lib/gcc/x86_64-linux-gnu/11/:/usr/lib/gcc/x86_64-linux-gnu/]
  ignore line: [LIBRARY_PATH=/usr/lib/gcc/x86_64-linux-gnu/11/:/usr/lib/gcc/x86_64-linux-gnu/11/../../../x86_64-linux-gnu/:/usr/lib/gcc/x86_64-linux-gnu/11/../../../../lib/:/lib/x86_64-linux-gnu/:/lib/../lib/:/usr/lib/x86_64-linux-gnu/:/usr/lib/../lib/:/usr/lib/gcc/x86_64-linux-gnu/11/../../../:/lib/:/usr/lib/]
  ignore line: [COLLECT_GCC_OPTIONS='-fPIE' '-v' '-o' 'CMakeFiles/cmTC_f3287.dir/CMakeCXXCompilerABI.cpp.o' '-c' '-shared-libgcc' '-mtune=generic' '-march=x86-64' '-dumpdir' 'CMakeFiles/cmTC_f3287.dir/CMakeCXXCompilerABI.cpp.']
  ignore line: [Linking CXX executable cmTC_f3287]
  ignore line: [/usr/bin/cmake -E cmake_link_script CMakeFiles/cmTC_f3287.dir/link.txt --verbose=1]
  ignore line: [/usr/bin/c++  -v -rdynamic CMakeFiles/cmTC_f3287.dir/CMakeCXXCompilerABI.cpp.o -o cmTC_f3287 ]
  ignore line: [Using built-in specs.]
  ignore line: [COLLECT_GCC=/usr/bin/c++]
  ignore line: [COLLECT_LTO_WRAPPER=/usr/lib/gcc/x86_64-linux-gnu/11/lto-wrapper]
  ignore line: [OFFLOAD_TARGET_NAMES=nvptx-none:amdgcn-amdhsa]
  ignore line: [OFFLOAD_TARGET_DEFAULT=1]
  ignore line: [Target: x86_64-linux-gnu]
  ignore line: [Configured with: ../src/configure -v --with-pkgversion='Ubuntu 11.4.0-1ubuntu1~22.04' --with-bugurl=file:///usr/share/doc/gcc-11/README.Bugs --enable-languages=c ada c++ go brig d fortran objc obj-c++ m2 --prefix=/usr --with-gcc-major-version-only --program-suffix=-11 --program-prefix=x86_64-linux-gnu- --enable-shared --enable-linker-build-id --libexecdir=/usr/lib --without-included-gettext --enable-threads=posix --libdir=/usr/lib --enable-nls --enable-bootstrap --enable-clocale=gnu --enable-libstdcxx-debug --enable-libstdcxx-time=yes --with-default-libstdcxx-abi=new --enable-gnu-unique-object --disable-vtable-verify --enable-plugin --enable-default-pie --with-system-zlib --enable-libphobos-checking=release --with-target-system-zlib=auto --enable-objc-gc=auto --enable-multiarch --disable-werror --enable-cet --with-arch-32=i686 --with-abi=m64 --with-multilib-list=m32 m64 mx32 --enable-multilib --with-tune=generic --enable-offload-targets=nvptx-none=/build/gcc-11-XeT9lY/gcc-11-11.4.0/debian/tmp-nvptx/usr amdgcn-amdhsa=/build/gcc-11-XeT9lY/gcc-11-11.4.0/debian/tmp-gcn/usr --without-cuda-driver --enable-checking=release --build=x86_64-linux-gnu --host=x86_64-linux-gnu --target=x86_64-linux-gnu --with-build-config=bootstrap-lto-lean --enable-link-serialization=2]
  ignore line: [Thread model: posix]
  ignore line: [Supported LTO compression algorithms: zlib zstd]
  ignore line: [gcc version 11.4.0 (Ubuntu 11.4.0-1ubuntu1~22.04) ]
  ignore line: [COMPILER_PATH=/usr/lib/gcc/x86_64-linux-gnu/11/:/usr/lib/gcc/x86_64-linux-gnu/11/:/usr/lib/gcc/x86_64-linux-gnu/:/usr/lib/gcc/x86_64-linux-gnu/11/:/usr/lib/gcc/x86_64-linux-gnu/]
  ignore line: [LIBRARY_PATH=/usr/lib/gcc/x86_64-linux-gnu/11/:/usr/lib/gcc/x86_64-linux-gnu/11/../../../x86_64-linux-gnu/:/usr/lib/gcc/x86_64-linux-gnu/11/../../../../lib/:/lib/x86_64-linux-gnu/:/lib/../lib/:/usr/lib/x86_64-linux-gnu/:/usr/lib/../lib/:/usr/lib/gcc/x86_64-linux-gnu/11/../../../:/lib/:/usr/lib/]
  ignore line: [COLLECT_GCC_OPTIONS='-v' '-rdynamic' '-o' 'cmTC_f3287' '-shared-libgcc' '-mtune=generic' '-march=x86-64' '-dumpdir' 'cmTC_f3287.']
  link line: [ /usr/lib/gcc/x86_64-linux-gnu/11/collect2 -plugin /usr/lib/gcc/x86_64-linux-gnu/11/liblto_plugin.so -plugin-opt=/usr/lib/gcc/x86_64-linux-gnu/11/lto-wrapper -plugin-opt=-fresolution=/tmp/cc8C4qH1.res -plugin-opt=-pass-through=-lgcc_s -plugin-opt=-pass-through=-lgcc -plugin-opt=-pass-through=-lc -plugin-opt=-pass-through=-lgcc_s -plugin-opt=-pass-through=-lgcc --build-id --eh-frame-hdr -m elf_x86_64 --hash-style=gnu --as-needed -export-dynamic -dynamic-linker /lib64/ld-linux-x86-64.so.2 -pie -z now -z relro -o cmTC_f3287 /usr/lib/gcc/x86_64-linux-gnu/11/../../../x86_64-linux-gnu/Scrt1.o /usr/lib/gcc/x86_64-linux-gnu/11/../../../x86_64-linux-gnu/crti.o /usr/lib/gcc/x86_64-linux-gnu/11/crtbeginS.o -L/usr/lib/gcc/x86_64-linux-gnu/11 -L/usr/lib/gcc/x86_64-linux-gnu/11/../../../x86_64-linux-gnu -L/usr/lib/gcc/x86_64-linux-gnu/11/../../../../lib -L/lib/x86_64-linux-gnu -L/lib/../lib -L/usr/lib/x86_64-linux-gnu -L/usr/lib/../lib -L/usr/lib/gcc/x86_64-linux-gnu/11/../../.. CMakeFiles/cmTC_f3287.dir/CMakeCXXCompilerABI.cpp.o -lstdc++ -lm -lgcc_s -lgcc -lc -lgcc_s -lgcc /usr/lib/gcc/x86_64-linux-gnu/11/crtendS.o /usr/lib/gcc/x86_64-linux-gnu/11/../../../x86_64-linux-gnu/crtn.o]
    arg [/usr/lib/gcc/x86_64-linux-gnu/11/collect2] ==> ignore
    arg [-plugin] ==> ignore
    arg [/usr/lib/gcc/x86_64-linux-gnu/11/liblto_plugin.so] ==> ignore
    arg [-plugin-opt=/usr/lib/gcc/x86_64-linux-gnu/11/lto-wrapper] ==> ignore
    arg [-plugin-opt=-fresolution=/tmp/cc8C4qH1.res] ==> ignore
    arg [-plugin-opt=-pass-through=-lgcc_s] ==> ignore
    arg [-plugin-opt=-pass-through=-lgcc] ==> ignore
    arg [-plugin-opt=-pass-through=-lc] ==> ignore
    arg [-plugin-opt=-pass-through=-lgcc_s] ==> ignore
    arg [-plugin-opt=-pass-through=-lgcc] ==> ignore
    arg [--build-id] ==> ignore
    arg [--eh-frame-hdr] ==> ignore
    arg [-m] ==> ignore
    arg [elf_x86_64] ==> ignore
    arg [--hash-style=gnu] ==> ignore
    arg [--as-needed] ==> ignore
    arg [-export-dynamic] ==> ignore
    arg [-dynamic-linker] ==> ignore
    arg [/lib64/ld-linux-x86-64.so.2] ==> ignore
    arg [-pie] ==> ignore
    arg [-znow] ==> ignore
    arg [-zrelro] ==> ignore
    arg [-o] ==> ignore
    arg [cmTC_f3287] ==> ignore
    arg [/usr/lib/gcc/x86_64-linux-gnu/11/../../../x86_64-linux-gnu/Scrt1.o] ==> obj [/usr/lib/gcc/x86_64-linux-gnu/11/../../../x86_64-linux-gnu/Scrt1.o]
    arg [/usr/lib/gcc/x86_64-linux-gnu/11/../../../x86_64-linux-gnu/crti.o] ==> obj [/usr/lib/gcc/x86_64-linux-gnu/11/../../../x86_64-linux-gnu/crti.o]
    arg [/usr/lib/gcc/x86_64-linux-gnu/11/crtbeginS.o] ==> obj [/usr/lib/gcc/x86_64-linux-gnu/11/crtbeginS.o]
    arg [-L/usr/lib/gcc/x86_64-linux-gnu/11] ==> dir [/usr/lib/gcc/x86_64-linux-gnu/11]
    arg [-L/usr/lib/gcc/x86_64-linux-gnu/11/../../../x86_64-linux-gnu] ==> dir [/usr/lib/gcc/x86_64-linux-gnu/11/../../../x86_64-linux-gnu]
    arg [-L/usr/lib/gcc/x86_64-linux-gnu/11/../../../../lib] ==> dir [/usr/lib/gcc/x86_64-linux-gnu/11/../../../../lib]
    arg [-L/lib/x86_64-linux-gnu] ==> dir [/lib/x86_64-linux-gnu]
    arg [-L/lib/../lib] ==> dir [/lib/../lib]
    arg [-L/usr/lib/x86_64-linux-gnu] ==> dir [/usr/lib/x86_64-linux-gnu]
    arg [-L/usr/lib/../lib] ==> dir [/usr/lib/../lib]
    arg [-L/usr/lib/gcc/x86_64-linux-gnu/11/../../..] ==> dir [/usr/lib/gcc/x86_64-linux-gnu/11/../../..]
    arg [CMakeFiles/cmTC_f3287.dir/CMakeCXXCompilerABI.cpp.o] ==> ignore
    arg [-lstdc++] ==> lib [stdc++]
    arg [-lm] ==> lib [m]
    arg [-lgcc_s] ==> lib [gcc_s]
    arg [-lgcc] ==> lib [gcc]
    arg [-lc] ==> lib [c]
    arg [-lgcc_s] ==> lib [gcc_s]
    arg [-lgcc] ==> lib [gcc]
    arg [/usr/lib/gcc/x86_64-linux-gnu/11/crtendS.o] ==> obj [/usr/lib/gcc/x86_64-linux-gnu/11/crtendS.o]
    arg [/usr/lib/gcc/x86_64-linux-gnu/11/../../../x86_64-linux-gnu/crtn.o] ==> obj [/usr/lib/gcc/x86_64-linux-gnu/11/../../../x86_64-linux-gnu/crtn.o]
  collapse obj [/usr/lib/gcc/x86_64-linux-gnu/11/../../../x86_64-linux-gnu/Scrt1.o] ==> [/usr/lib/x86_64-linux-gnu/Scrt1.o]
  collapse obj [/usr/lib/gcc/x86_64-linux-gnu/11/../../../x86_64-linux-gnu/crti.o] ==> [/usr/lib/x86_64-linux-gnu/crti.o]
  collapse obj [/usr/lib/gcc/x86_64-linux-gnu/11/../../../x86_64-linux-gnu/crtn.o] ==> [/usr/lib/x86_64-linux-gnu/crtn.o]
  collapse library dir [/usr/lib/gcc/x86_64-linux-gnu/11] ==> [/usr/lib/gcc/x86_64-linux-gnu/11]
  collapse library dir [/usr/lib/gcc/x86_64-linux-gnu/11/../../../x86_64-linux-gnu] ==> [/usr/lib/x86_64-linux-gnu]
  collapse library dir [/usr/lib/gcc/x86_64-linux-gnu/11/../../../../lib] ==> [/usr/lib]
  collapse library dir [/lib/x86_64-linux-gnu] ==> [/lib/x86_64-linux-gnu]
  collapse library dir [/lib/../lib] ==> [/lib]
  collapse library dir [/usr/lib/x86_64-linux-gnu] ==> [/usr/lib/x86_64-linux-gnu]
  collapse library dir [/usr/lib/../lib] ==> [/usr/lib]
  collapse library dir [/usr/lib/gcc/x86_64-linux-gnu/11/../../..] ==> [/usr/lib]
  implicit libs: [stdc++;m;gcc_s;gcc;c;gcc_s;gcc]
  implicit objs: [/usr/lib/x86_64-linux-gnu/Scrt1.o;/usr/lib/x86_64-linux-gnu/crti.o;/usr/lib/gcc/x86_64-linux-gnu/11/crtbeginS.o;/usr/lib/gcc/x86_64-linux-gnu/11/crtendS.o;/usr/lib/x86_64-linux-gnu/crtn.o]
  implicit dirs: [/usr/lib/gcc/x86_64-linux-gnu/11;/usr/lib/x86_64-linux-gnu;/usr/lib;/lib/x86_64-linux-gnu;/lib]
  implicit fwks: []


Determining if the include file pthread.h exists passed with the following output:
Change Dir: /home/jocelyn/Bureau/flusm-devBugs-SwpMods/flusm-devBugs/Dependencies/syscall_intercept/build/CMakeFiles/CMakeTmp

Run Build Command(s):/usr/bin/gmake -f Makefile cmTC_9535c/fast && /usr/bin/gmake  -f CMakeFiles/cmTC_9535c.dir/build.make CMakeFiles/cmTC_9535c.dir/build
gmake[1] : on entre dans le répertoire « /home/jocelyn/Bureau/flusm-devBugs-SwpMods/flusm-devBugs/Dependencies/syscall_intercept/build/CMakeFiles/CMakeTmp »
Building C object CMakeFiles/cmTC_9535c.dir/CheckIncludeFile.c.o
/usr/bin/clang   -Werror -Wall -Wextra -pedantic -Wno-missing-field-initializers  -fPIE -MD -MT CMakeFiles/cmTC_9535c.dir/CheckIncludeFile.c.o -MF CMakeFiles/cmTC_9535c.dir/CheckIncludeFile.c.o.d -o CMakeFiles/cmTC_9535c.dir/CheckIncludeFile.c.o -c /home/jocelyn/Bureau/flusm-devBugs-SwpMods/flusm-devBugs/Dependencies/syscall_intercept/build/CMakeFiles/CMakeTmp/CheckIncludeFile.c
Linking C executable cmTC_9535c
/usr/bin/cmake -E cmake_link_script CMakeFiles/cmTC_9535c.dir/link.txt --verbose=1
/usr/bin/clang  -Werror -Wall -Wextra -pedantic -Wno-missing-field-initializers  -rdynamic CMakeFiles/cmTC_9535c.dir/CheckIncludeFile.c.o -o cmTC_9535c 
gmake[1] : on quitte le répertoire « /home/jocelyn/Bureau/flusm-devBugs-SwpMods/flusm-devBugs/Dependencies/syscall_intercept/build/CMakeFiles/CMakeTmp »



Performing C SOURCE FILE Test CMAKE_HAVE_LIBC_PTHREAD succeeded with the following output:
Change Dir: /home/jocelyn/Bureau/flusm-devBugs-SwpMods/flusm-devBugs/Dependencies/syscall_intercept/build/CMakeFiles/CMakeTmp

Run Build Command(s):/usr/bin/gmake -f Makefile cmTC_84471/fast && /usr/bin/gmake  -f CMakeFiles/cmTC_84471.dir/build.make CMakeFiles/cmTC_84471.dir/build
gmake[1] : on entre dans le répertoire « /home/jocelyn/Bureau/flusm-devBugs-SwpMods/flusm-devBugs/Dependencies/syscall_intercept/build/CMakeFiles/CMakeTmp »
Building C object CMakeFiles/cmTC_84471.dir/src.c.o
/usr/bin/clang -DCMAKE_HAVE_LIBC_PTHREAD  -Werror -Wall -Wextra -pedantic -Wno-missing-field-initializers  -fPIE -MD -MT CMakeFiles/cmTC_84471.dir/src.c.o -MF CMakeFiles/cmTC_84471.dir/src.c.o.d -o CMakeFiles/cmTC_84471.dir/src.c.o -c /home/jocelyn/Bureau/flusm-devBugs-SwpMods/flusm-devBugs/Dependencies/syscall_intercept/build/CMakeFiles/CMakeTmp/src.c
Linking C executable cmTC_84471
/usr/bin/cmake -E cmake_link_script CMakeFiles/cmTC_84471.dir/link.txt --verbose=1
/usr/bin/clang  -Werror -Wall -Wextra -pedantic -Wno-missing-field-initializers  -rdynamic CMakeFiles/cmTC_84471.dir/src.c.o -o cmTC_84471 
gmake[1] : on quitte le répertoire « /home/jocelyn/Bureau/flusm-devBugs-SwpMods/flusm-devBugs/Dependencies/syscall_intercept/build/CMakeFiles/CMakeTmp »


Source file was:
#include <pthread.h>

static void* test_func(void* data)
{
  return data;
}

int main(void)
{
  pthread_t thread;
  pthread_create(&thread, NULL, test_func, NULL);
  pthread_detach(thread);
  pthread_cancel(thread);
  pthread_join(thread, NULL);
  pthread_atfork(NULL, NULL, NULL);
  pthread_exit(NULL);

  return 0;
}

